<?xml version="1.0" encoding="UTF-8"?>
<!-- Generated by org.testng.reporters.JUnitXMLReporter -->
<testsuite ignored="0" hostname="DESKTOP-T0QVG84" failures="0" tests="17" name="EmployeeProcessorTest" time="11.31" errors="0" timestamp="2025-10-23T22:17:11 IST">
  <testcase classname="com.testLib.LoginTest" name="verifyLoginPageUIElements" time="2.153"/>
  <testcase classname="com.testLib.LoginTest" name="verifyInvalidLogin" time="0.321"/>
  <testcase classname="com.testLib.LoginTest" name="verifyValidLogin" time="2.282"/>
  <testcase classname="com.testLib.LoginTest" name="verifyEmptyCredentialsLogin" time="0.213"/>
  <testcase classname="Java8.EmployeeProcessorTest" name="testEmployeeCreation" time="0.003"/>
  <testcase classname="Java8.EmployeeProcessorTest" name="testEmployeeDataWithDataProvider" time="0.004"/>
  <testcase classname="Java8.EmployeeProcessorTest" name="testEmployeeDataWithDataProvider" time="0.001"/>
  <testcase classname="Java8.EmployeeProcessorTest" name="testEmployeeDataWithDataProvider" time="0.003"/>
  <testcase classname="Java8.EmployeeProcessorTest" name="testEmployeeDataWithDataProvider" time="0.002"/>
  <testcase classname="Java8.EmployeeProcessorTest" name="testEmployeeSkills" time="0.002"/>
  <testcase classname="Java8.EmployeeProcessorTest" name="testFlatMapForSkills" time="0.002"/>
  <testcase classname="Java8.EmployeeProcessorTest" name="testLambdaExpressionsWithForEach" time="0.004"/>
  <testcase classname="Java8.EmployeeProcessorTest" name="testMethodReferences" time="0.002"/>
  <testcase classname="Java8.EmployeeProcessorTest" name="testSortingWithLambdaComparator" time="0.004"/>
  <testcase classname="Java8.EmployeeProcessorTest" name="testStreamFiltering" time="0.003"/>
  <testcase classname="Java8.EmployeeProcessorTest" name="testStreamMappingAndCollection" time="0.004"/>
  <testcase classname="Java8.EmployeeProcessorTest" name="testStreamReductionAndStatistics" time="0.009"/>
</testsuite> <!-- EmployeeProcessorTest -->
